[19:07:19] [main/INFO]: Environment: authHost='https://authserver.mojang.com', accountsHost='https://api.mojang.com', sessionHost='https://sessionserver.mojang.com', servicesHost='https://api.minecraftservices.com', name='PROD'
[19:07:19] [main/WARN]: Ambiguity between arguments [teleport, destination] and [teleport, targets] with inputs: [Player, 0123, @e, dd12be42-52a9-4a91-a8a1-11c01849e498]
[19:07:19] [main/WARN]: Ambiguity between arguments [teleport, location] and [teleport, destination] with inputs: [0.1 -0.5 .9, 0 0 0]
[19:07:19] [main/WARN]: Ambiguity between arguments [teleport, location] and [teleport, targets] with inputs: [0.1 -0.5 .9, 0 0 0]
[19:07:19] [main/WARN]: Ambiguity between arguments [teleport, targets] and [teleport, destination] with inputs: [Player, 0123, dd12be42-52a9-4a91-a8a1-11c01849e498]
[19:07:19] [main/WARN]: Ambiguity between arguments [teleport, targets, location] and [teleport, targets, destination] with inputs: [0.1 -0.5 .9, 0 0 0]
[19:07:19] [main/INFO]: Reloading ResourceManager: Default
[19:07:19] [Worker-Main-12/INFO]: Loaded 7 recipes
[19:07:20] [Worker-Main-12/INFO]: Loaded 927 advancements
[19:07:20] [Server thread/INFO]: Starting minecraft server version 1.16.5
[19:07:20] [Server thread/INFO]: Loading properties
[19:07:20] [Server thread/INFO]: Default game type: SURVIVAL
[19:07:20] [Server thread/INFO]: Generating keypair
[19:07:20] [Server thread/INFO]: Starting Minecraft server on *:25565
[19:07:20] [Server thread/INFO]: Using default channel type
[19:07:21] [Server thread/INFO]: Preparing level "world"
[19:07:21] [Server thread/INFO]: Preparing start region for dimension minecraft:overworld
[19:07:21] [Server thread/INFO]: Preparing spawn area: 0%
[19:07:21] [Server thread/INFO]: Preparing spawn area: 0%
[19:07:23] [Server thread/INFO]: Preparing spawn area: 0%
[19:07:23] [Server thread/INFO]: Preparing spawn area: 0%
[19:07:23] [Server thread/INFO]: Preparing spawn area: 0%
[19:07:23] [Server thread/INFO]: Preparing spawn area: 0%
[19:07:23] [Server thread/INFO]: Time elapsed: 2707 ms
[19:07:23] [Server thread/INFO]: Done (2.758s)! For help, type "help"
[19:07:36] [User Authenticator #1/INFO]: UUID of player lerow12 is de69dbb9-f341-4e96-bec1-c1652bcb643b
[19:07:36] [Server thread/INFO]: lerow12[/10.123.160.1:62253] logged in with entity id 1 at (-418.3216582149038, 66.0, 406.6908448037646)
[19:07:36] [Server thread/INFO]: lerow12 joined the game
[19:07:37] [Server thread/ERROR]: Input does not contain a key [type]: MapLike[{name:"minecraft:flower",config:{tries:64,yspread:3,xspread:7,need_water:0b,zspread:7,blacklist:[],project:1b,block_placer:{type:"minecraft:simple_block_placer"},state_provider:{type:"minecraft:plain_flower_provider"},whitelist:[],can_replace:0b}}]
[19:07:37] [Server thread/ERROR]: Input does not contain a key [type]: MapLike[{name:"minecraft:normal_tree",config:{height_rand_b:0,foliage_height:3,trunk_height:-1,base_height:4,trunk_top_offset_random:0,leaves_provider:{state:{Properties:{distance:"7",persistent:"false"},Name:"minecraft:oak_leaves"},type:"minecraft:simple_state_provider"},trunk_height_random:0,trunk_provider:{state:{Properties:{axis:"y"},Name:"minecraft:oak_log"},type:"minecraft:simple_state_provider"},decorators:[],foliage_height_random:0,height_rand_a:2,trunk_top_offset:0,max_water_depth:0,foliage_placer:{type:"minecraft:blob_foliage_placer",radius:2,radius_random:0},ignore_vines:1b}}]
[19:07:37] [Server thread/ERROR]: Input does not contain a key [type]: MapLike[{name:"minecraft:block_pile",config:{state_provider:{state:{Properties:{axis:"y"},Name:"minecraft:hay_block"},type:"minecraft:simple_state_provider"}}}]
[19:07:37] [Server thread/ERROR]: Input does not contain a key [type]: MapLike[{name:"minecraft:normal_tree",config:{height_rand_b:0,foliage_height:3,trunk_height:-1,base_height:4,trunk_top_offset_random:0,leaves_provider:{state:{Properties:{distance:"7",persistent:"false"},Name:"minecraft:oak_leaves"},type:"minecraft:simple_state_provider"},trunk_height_random:0,trunk_provider:{state:{Properties:{axis:"y"},Name:"minecraft:oak_log"},type:"minecraft:simple_state_provider"},decorators:[],foliage_height_random:0,height_rand_a:2,trunk_top_offset:0,max_water_depth:0,foliage_placer:{type:"minecraft:blob_foliage_placer",radius:2,radius_random:0},ignore_vines:1b}}]
[19:07:37] [Server thread/ERROR]: Input does not contain a key [type]: MapLike[{name:"minecraft:flower",config:{tries:64,yspread:3,xspread:7,need_water:0b,zspread:7,blacklist:[],project:1b,block_placer:{type:"minecraft:simple_block_placer"},state_provider:{type:"minecraft:plain_flower_provider"},whitelist:[],can_replace:0b}}]
[19:07:37] [Server thread/ERROR]: Input does not contain a key [type]: MapLike[{name:"minecraft:flower",config:{tries:64,yspread:3,xspread:7,need_water:0b,zspread:7,blacklist:[],project:1b,block_placer:{type:"minecraft:simple_block_placer"},state_provider:{type:"minecraft:plain_flower_provider"},whitelist:[],can_replace:0b}}]
[19:07:37] [Server thread/ERROR]: Input does not contain a key [type]: MapLike[{name:"minecraft:flower",config:{tries:64,yspread:3,xspread:7,need_water:0b,zspread:7,blacklist:[],project:1b,block_placer:{type:"minecraft:simple_block_placer"},state_provider:{type:"minecraft:plain_flower_provider"},whitelist:[],can_replace:0b}}]
[19:07:37] [Server thread/ERROR]: Input does not contain a key [type]: MapLike[{name:"minecraft:flower",config:{tries:64,yspread:3,xspread:7,need_water:0b,zspread:7,blacklist:[],project:1b,block_placer:{type:"minecraft:simple_block_placer"},state_provider:{type:"minecraft:plain_flower_provider"},whitelist:[],can_replace:0b}}]
[19:07:37] [Server thread/ERROR]: Input does not contain a key [type]: MapLike[{name:"minecraft:block_pile",config:{state_provider:{state:{Properties:{axis:"y"},Name:"minecraft:hay_block"},type:"minecraft:simple_state_provider"}}}]
[19:07:37] [Server thread/ERROR]: Input does not contain a key [type]: MapLike[{name:"minecraft:block_pile",config:{state_provider:{state:{Properties:{axis:"y"},Name:"minecraft:hay_block"},type:"minecraft:simple_state_provider"}}}]
[19:07:37] [Server thread/ERROR]: Input does not contain a key [type]: MapLike[{name:"minecraft:normal_tree",config:{height_rand_b:0,foliage_height:3,trunk_height:-1,base_height:4,trunk_top_offset_random:0,leaves_provider:{state:{Properties:{distance:"7",persistent:"false"},Name:"minecraft:oak_leaves"},type:"minecraft:simple_state_provider"},trunk_height_random:0,trunk_provider:{state:{Properties:{axis:"y"},Name:"minecraft:oak_log"},type:"minecraft:simple_state_provider"},decorators:[],foliage_height_random:0,height_rand_a:2,trunk_top_offset:0,max_water_depth:0,foliage_placer:{type:"minecraft:blob_foliage_placer",radius:2,radius_random:0},ignore_vines:1b}}]
[19:07:37] [Server thread/ERROR]: Input does not contain a key [type]: MapLike[{name:"minecraft:flower",config:{tries:64,yspread:3,xspread:7,need_water:0b,zspread:7,blacklist:[],project:1b,block_placer:{type:"minecraft:simple_block_placer"},state_provider:{type:"minecraft:plain_flower_provider"},whitelist:[],can_replace:0b}}]
[19:07:37] [Server thread/ERROR]: Input does not contain a key [type]: MapLike[{name:"minecraft:normal_tree",config:{height_rand_b:0,foliage_height:3,trunk_height:-1,base_height:4,trunk_top_offset_random:0,leaves_provider:{state:{Properties:{distance:"7",persistent:"false"},Name:"minecraft:oak_leaves"},type:"minecraft:simple_state_provider"},trunk_height_random:0,trunk_provider:{state:{Properties:{axis:"y"},Name:"minecraft:oak_log"},type:"minecraft:simple_state_provider"},decorators:[],foliage_height_random:0,height_rand_a:2,trunk_top_offset:0,max_water_depth:0,foliage_placer:{type:"minecraft:blob_foliage_placer",radius:2,radius_random:0},ignore_vines:1b}}]
[19:07:37] [Server thread/ERROR]: Input does not contain a key [type]: MapLike[{name:"minecraft:block_pile",config:{state_provider:{state:{Properties:{axis:"y"},Name:"minecraft:hay_block"},type:"minecraft:simple_state_provider"}}}]
[19:08:18] [Server thread/INFO]: lerow12 lost connection: Disconnected
[19:08:18] [Server thread/INFO]: lerow12 left the game
[19:08:26] [User Authenticator #2/INFO]: UUID of player lerow12 is de69dbb9-f341-4e96-bec1-c1652bcb643b
[19:08:26] [Server thread/INFO]: lerow12[/127.0.0.1:62259] logged in with entity id 210 at (-439.5608253761906, 65.0, 447.37473431179717)
[19:08:26] [Server thread/INFO]: lerow12 joined the game
[19:08:28] [Server thread/INFO]: lerow12 lost connection: Disconnected
[19:08:28] [Server thread/INFO]: lerow12 left the game
[19:11:56] [Server thread/INFO]: Unknown or incomplete command, see below for error
[19:11:56] [Server thread/INFO]: quit<--[HERE]
[19:11:58] [Server thread/INFO]: /advancement (grant|revoke)
[19:11:58] [Server thread/INFO]: /attribute <target> <attribute> (base|get|modifier)
[19:11:58] [Server thread/INFO]: /ban <targets> [<reason>]
[19:11:58] [Server thread/INFO]: /ban-ip <target> [<reason>]
[19:11:58] [Server thread/INFO]: /banlist [ips|players]
[19:11:58] [Server thread/INFO]: /bossbar (add|get|list|remove|set)
[19:11:58] [Server thread/INFO]: /clear [<targets>]
[19:11:58] [Server thread/INFO]: /clone <begin> <end> <destination> [filtered|masked|replace]
[19:11:58] [Server thread/INFO]: /data (get|merge|modify|remove)
[19:11:58] [Server thread/INFO]: /datapack (disable|enable|list)
[19:11:58] [Server thread/INFO]: /debug (report|start|stop)
[19:11:58] [Server thread/INFO]: /defaultgamemode (adventure|creative|spectator|survival)
[19:11:58] [Server thread/INFO]: /deop <targets>
[19:11:58] [Server thread/INFO]: /difficulty [easy|hard|normal|peaceful]
[19:11:58] [Server thread/INFO]: /effect (clear|give)
[19:11:58] [Server thread/INFO]: /enchant <targets> <enchantment> [<level>]
[19:11:58] [Server thread/INFO]: /execute (align|anchored|as|at|facing|if|in|positioned|rotated|run|store|unless)
[19:11:58] [Server thread/INFO]: /experience (add|query|set)
[19:11:58] [Server thread/INFO]: /fill <from> <to> <block> [destroy|hollow|keep|outline|replace]
[19:11:58] [Server thread/INFO]: /forceload (add|query|remove)
[19:11:58] [Server thread/INFO]: /function <name>
[19:11:58] [Server thread/INFO]: /gamemode (adventure|creative|spectator|survival)
[19:11:58] [Server thread/INFO]: /gamerule (announceAdvancements|commandBlockOutput|disableElytraMovementCheck|disableRaids|doDaylightCycle|doEntityDrops|doFireTick|doImmediateRespawn|doInsomnia|doLimitedCrafting|doMobLoot|doMobSpawning|doPatrolSpawning|doTileDrops|doTraderSpawning|doWeatherCycle|drowningDamage|fallDamage|fireDamage|forgiveDeadPlayers|keepInventory|logAdminCommands|maxCommandChainLength|maxEntityCramming|mobGriefing|naturalRegeneration|randomTickSpeed|reducedDebugInfo|sendCommandFeedback|showDeathMessages|spawnRadius|spectatorsGenerateChunks|universalAnger)
[19:11:58] [Server thread/INFO]: /give <targets> <item> [<count>]
[19:11:58] [Server thread/INFO]: /help [<command>]
[19:11:58] [Server thread/INFO]: /kick <targets> [<reason>]
[19:11:58] [Server thread/INFO]: /kill [<targets>]
[19:11:58] [Server thread/INFO]: /list [uuids]
[19:11:58] [Server thread/INFO]: /locate (bastion_remnant|buried_treasure|desert_pyramid|endcity|fortress|igloo|jungle_pyramid|mansion|mineshaft|monument|nether_fossil|ocean_ruin|pillager_outpost|ruined_portal|shipwreck|stronghold|swamp_hut|village)
[19:11:58] [Server thread/INFO]: /locatebiome <biome>
[19:11:58] [Server thread/INFO]: /loot (give|insert|replace|spawn)
[19:11:58] [Server thread/INFO]: /me <action>
[19:11:58] [Server thread/INFO]: /msg <targets> <message>
[19:11:58] [Server thread/INFO]: /op <targets>
[19:11:58] [Server thread/INFO]: /pardon <targets>
[19:11:58] [Server thread/INFO]: /pardon-ip <target>
[19:11:58] [Server thread/INFO]: /particle <name> [<pos>]
[19:11:58] [Server thread/INFO]: /playsound <sound> (ambient|block|hostile|master|music|neutral|player|record|voice|weather)
[19:11:58] [Server thread/INFO]: /recipe (give|take)
[19:11:58] [Server thread/INFO]: /reload
[19:11:58] [Server thread/INFO]: /replaceitem (block|entity)
[19:11:58] [Server thread/INFO]: /save-all [flush]
[19:11:58] [Server thread/INFO]: /save-off
[19:11:58] [Server thread/INFO]: /save-on
[19:11:58] [Server thread/INFO]: /say <message>
[19:11:58] [Server thread/INFO]: /schedule (clear|function)
[19:11:58] [Server thread/INFO]: /scoreboard (objectives|players)
[19:11:58] [Server thread/INFO]: /seed
[19:11:58] [Server thread/INFO]: /setblock <pos> <block> [destroy|keep|replace]
[19:11:58] [Server thread/INFO]: /setidletimeout <minutes>
[19:11:58] [Server thread/INFO]: /setworldspawn [<pos>]
[19:11:58] [Server thread/INFO]: /spawnpoint [<targets>]
[19:11:58] [Server thread/INFO]: /spectate [<target>]
[19:11:58] [Server thread/INFO]: /spreadplayers <center> <spreadDistance> <maxRange> (under|<respectTeams>)
[19:11:58] [Server thread/INFO]: /stop
[19:11:58] [Server thread/INFO]: /stopsound <targets> [*|ambient|block|hostile|master|music|neutral|player|record|voice|weather]
[19:11:58] [Server thread/INFO]: /summon <entity> [<pos>]
[19:11:58] [Server thread/INFO]: /tag <targets> (add|list|remove)
[19:11:58] [Server thread/INFO]: /team (add|empty|join|leave|list|modify|remove)
[19:11:58] [Server thread/INFO]: /teammsg <message>
[19:11:58] [Server thread/INFO]: /teleport (<destination>|<location>|<targets>)
[19:11:58] [Server thread/INFO]: /tell -> msg
[19:11:58] [Server thread/INFO]: /tellraw <targets> <message>
[19:11:58] [Server thread/INFO]: /time (add|query|set)
[19:11:58] [Server thread/INFO]: /title <targets> (actionbar|clear|reset|subtitle|times|title)
[19:11:58] [Server thread/INFO]: /tm -> teammsg
[19:11:58] [Server thread/INFO]: /tp -> teleport
[19:11:58] [Server thread/INFO]: /trigger <objective> [add|set]
[19:11:58] [Server thread/INFO]: /w -> msg
[19:11:58] [Server thread/INFO]: /weather (clear|rain|thunder)
[19:11:58] [Server thread/INFO]: /whitelist (add|list|off|on|reload|remove)
[19:11:58] [Server thread/INFO]: /worldborder (add|center|damage|get|set|warning)
[19:11:58] [Server thread/INFO]: /xp -> experience
[19:12:02] [Server thread/INFO]: Unknown or incomplete command, see below for error
[19:12:02] [Server thread/INFO]: /quit<--[HERE]
[19:12:10] [Server thread/INFO]: Stopping the server
[19:12:10] [Server thread/INFO]: Stopping server
[19:12:10] [Server thread/INFO]: Saving players
[19:12:10] [Server thread/INFO]: Saving worlds
[19:12:10] [Server thread/INFO]: Saving chunks for level 'ServerLevel[world]'/minecraft:overworld
[19:12:11] [Server thread/INFO]: ThreadedAnvilChunkStorage (world): All chunks are saved
[19:12:11] [Server thread/INFO]: Saving chunks for level 'ServerLevel[world]'/minecraft:the_nether
[19:12:11] [Server thread/INFO]: ThreadedAnvilChunkStorage (DIM-1): All chunks are saved
[19:12:11] [Server thread/INFO]: Saving chunks for level 'ServerLevel[world]'/minecraft:the_end
[19:12:11] [Server thread/INFO]: ThreadedAnvilChunkStorage (DIM1): All chunks are saved
[19:12:11] [Server thread/INFO]: ThreadedAnvilChunkStorage (world): All chunks are saved
[19:12:11] [Server thread/INFO]: ThreadedAnvilChunkStorage (DIM-1): All chunks are saved
[19:12:11] [Server thread/INFO]: ThreadedAnvilChunkStorage (DIM1): All chunks are saved
